2019/10/07 16:08:57 [error] [exception.Error] Error: Call to undefined function env() in /var/www/html/medikoma/app/protected/components/Controller.php:57
Stack trace:
#0 /var/www/html/medikoma/yii/framework/web/CController.php(306): Controller->beforeAction(Object(CInlineAction))
#1 /var/www/html/medikoma/yii/framework/web/CController.php(286): CController->runAction(Object(CInlineAction))
#2 /var/www/html/medikoma/yii/framework/web/CController.php(265): CController->runActionWithFilters(Object(CInlineAction), Array)
#3 /var/www/html/medikoma/yii/framework/web/CWebApplication.php(282): CController->run('import')
#4 /var/www/html/medikoma/yii/framework/web/CWebApplication.php(141): CWebApplication->runController('site/import')
#5 /var/www/html/medikoma/yii/framework/base/CApplication.php(185): CWebApplication->processRequest()
#6 /var/www/html/medikoma/app/index.php(18): CApplication->run()
#7 {main}
REQUEST_URI=/site/import
---
2019/10/07 17:04:12 [error] [exception.Error] Error: Call to undefined function pr() in /var/www/html/medikoma/app/protected/controllers/SiteController.php:50
Stack trace:
#0 /var/www/html/medikoma/yii/framework/web/actions/CInlineAction.php(49): SiteController->actionImport()
#1 /var/www/html/medikoma/yii/framework/web/CController.php(308): CInlineAction->runWithParams(Array)
#2 /var/www/html/medikoma/yii/framework/web/CController.php(286): CController->runAction(Object(CInlineAction))
#3 /var/www/html/medikoma/yii/framework/web/CController.php(265): CController->runActionWithFilters(Object(CInlineAction), Array)
#4 /var/www/html/medikoma/yii/framework/web/CWebApplication.php(282): CController->run('import')
#5 /var/www/html/medikoma/yii/framework/web/CWebApplication.php(141): CWebApplication->runController('site/import')
#6 /var/www/html/medikoma/yii/framework/base/CApplication.php(185): CWebApplication->processRequest()
#7 /var/www/html/medikoma/app/index.php(18): CApplication->run()
#8 {main}
REQUEST_URI=/site/import
---
2019/10/07 17:14:32 [error] [php] Undefined index: data (/var/www/html/medikoma/app/protected/controllers/SiteController.php:151)
Stack trace:
#0 /var/www/html/medikoma/yii/framework/web/CController.php(286): SiteController->runAction()
#1 /var/www/html/medikoma/yii/framework/web/CController.php(265): SiteController->runActionWithFilters()
#2 /var/www/html/medikoma/yii/framework/web/CWebApplication.php(282): SiteController->run()
#3 /var/www/html/medikoma/yii/framework/web/CWebApplication.php(141): CWebApplication->runController()
#4 /var/www/html/medikoma/yii/framework/base/CApplication.php(185): CWebApplication->processRequest()
#5 /var/www/html/medikoma/app/index.php(18): CWebApplication->run()
REQUEST_URI=/site/import
2019/10/07 18:03:18 [error] [exception.CException] CException: SiteController cannot find the requested view "index". in /var/www/html/medikoma/yii/framework/web/CController.php:878
Stack trace:
#0 /var/www/html/medikoma/yii/framework/web/CController.php(782): CController->renderPartial('index', NULL, true)
#1 /var/www/html/medikoma/app/protected/controllers/SiteController.php(33): CController->render('index')
#2 /var/www/html/medikoma/yii/framework/web/actions/CInlineAction.php(49): SiteController->actionImport()
#3 /var/www/html/medikoma/yii/framework/web/CController.php(308): CInlineAction->runWithParams(Array)
#4 /var/www/html/medikoma/yii/framework/web/CController.php(286): CController->runAction(Object(CInlineAction))
#5 /var/www/html/medikoma/yii/framework/web/CController.php(265): CController->runActionWithFilters(Object(CInlineAction), Array)
#6 /var/www/html/medikoma/yii/framework/web/CWebApplication.php(282): CController->run('import')
#7 /var/www/html/medikoma/yii/framework/web/CWebApplication.php(141): CWebApplication->runController('site/import')
#8 /var/www/html/medikoma/yii/framework/base/CApplication.php(185): CWebApplication->processRequest()
#9 /var/www/html/medikoma/app/index.php(18): CApplication->run()
#10 {main}
REQUEST_URI=/site/import
---
2019/10/07 18:03:34 [error] [php] Undefined variable: model (/var/www/html/medikoma/app/protected/views/site/index.php:68)
Stack trace:
#0 /var/www/html/medikoma/yii/framework/web/CController.php(869): SiteController->renderFile()
#1 /var/www/html/medikoma/yii/framework/web/CController.php(782): SiteController->renderPartial()
#2 /var/www/html/medikoma/app/protected/controllers/SiteController.php(33): SiteController->render()
#3 /var/www/html/medikoma/yii/framework/web/actions/CInlineAction.php(49): SiteController->actionImport()
#4 /var/www/html/medikoma/yii/framework/web/CController.php(308): CInlineAction->runWithParams()
#5 /var/www/html/medikoma/yii/framework/web/CController.php(286): SiteController->runAction()
#6 /var/www/html/medikoma/yii/framework/web/CController.php(265): SiteController->runActionWithFilters()
#7 /var/www/html/medikoma/yii/framework/web/CWebApplication.php(282): SiteController->run()
#8 /var/www/html/medikoma/yii/framework/web/CWebApplication.php(141): CWebApplication->runController()
#9 /var/www/html/medikoma/yii/framework/base/CApplication.php(185): CWebApplication->processRequest()
#10 /var/www/html/medikoma/app/index.php(18): CWebApplication->run()
REQUEST_URI=/site/import
2019/10/07 18:04:00 [error] [php] Use of undefined constant IS_MOBILE - assumed 'IS_MOBILE' (/var/www/html/medikoma/app/protected/views/layouts/main.php:89)
Stack trace:
#0 /var/www/html/medikoma/yii/framework/web/widgets/CContentDecorator.php(76): SiteController->renderFile()
#1 /var/www/html/medikoma/yii/framework/web/widgets/CContentDecorator.php(54): CContentDecorator->decorate()
#2 /var/www/html/medikoma/yii/framework/web/widgets/COutputProcessor.php(44): CContentDecorator->processOutput()
#3 /var/www/html/medikoma/yii/framework/web/CBaseController.php(214): CContentDecorator->run()
#4 /var/www/html/medikoma/yii/framework/web/CBaseController.php(308): SiteController->endWidget()
#5 /var/www/html/medikoma/app/protected/views/layouts/column_main.php(7): SiteController->endContent()
#6 /var/www/html/medikoma/yii/framework/web/CBaseController.php(126): require()
#7 /var/www/html/medikoma/yii/framework/web/CBaseController.php(95): SiteController->renderInternal()
#8 /var/www/html/medikoma/yii/framework/web/CController.php(784): SiteController->renderFile()
#9 /var/www/html/medikoma/app/protected/controllers/SiteController.php(33): SiteController->render()
#10 /var/www/html/medikoma/yii/framework/web/actions/CInlineAction.php(49): SiteController->actionImport()
#11 /var/www/html/medikoma/yii/framework/web/CController.php(308): CInlineAction->runWithParams()
#12 /var/www/html/medikoma/yii/framework/web/CController.php(286): SiteController->runAction()
#13 /var/www/html/medikoma/yii/framework/web/CController.php(265): SiteController->runActionWithFilters()
#14 /var/www/html/medikoma/yii/framework/web/CWebApplication.php(282): SiteController->run()
#15 /var/www/html/medikoma/yii/framework/web/CWebApplication.php(141): CWebApplication->runController()
#16 /var/www/html/medikoma/yii/framework/base/CApplication.php(185): CWebApplication->processRequest()
#17 /var/www/html/medikoma/app/index.php(18): CWebApplication->run()
REQUEST_URI=/site/import
2019/10/07 18:05:12 [error] [exception.CHttpException.404] CHttpException: Unable to resolve the request "docs/4.3/dist/js/bootstrap.bundle.min.js". in /var/www/html/medikoma/yii/framework/web/CWebApplication.php:286
Stack trace:
#0 /var/www/html/medikoma/yii/framework/web/CWebApplication.php(141): CWebApplication->runController('docs/4.3/dist/j...')
#1 /var/www/html/medikoma/yii/framework/base/CApplication.php(185): CWebApplication->processRequest()
#2 /var/www/html/medikoma/app/index.php(18): CApplication->run()
#3 {main}
REQUEST_URI=/docs/4.3/dist/js/bootstrap.bundle.min.js
HTTP_REFERER=http://medikoma.local/site/import
---
2019/10/07 18:05:12 [error] [exception.CHttpException.404] CHttpException: Unable to resolve the request "docs/4.3/dist/css/bootstrap.min.css". in /var/www/html/medikoma/yii/framework/web/CWebApplication.php:286
Stack trace:
#0 /var/www/html/medikoma/yii/framework/web/CWebApplication.php(141): CWebApplication->runController('docs/4.3/dist/c...')
#1 /var/www/html/medikoma/yii/framework/base/CApplication.php(185): CWebApplication->processRequest()
#2 /var/www/html/medikoma/app/index.php(18): CApplication->run()
#3 {main}
REQUEST_URI=/docs/4.3/dist/css/bootstrap.min.css
HTTP_REFERER=http://medikoma.local/site/import
---
2019/10/07 18:05:12 [error] [exception.CHttpException.404] CHttpException: Unable to resolve the request "docs/4.3/dist/js/bootstrap.bundle.min.js". in /var/www/html/medikoma/yii/framework/web/CWebApplication.php:286
Stack trace:
#0 /var/www/html/medikoma/yii/framework/web/CWebApplication.php(141): CWebApplication->runController('docs/4.3/dist/j...')
#1 /var/www/html/medikoma/yii/framework/base/CApplication.php(185): CWebApplication->processRequest()
#2 /var/www/html/medikoma/app/index.php(18): CApplication->run()
#3 {main}
REQUEST_URI=/docs/4.3/dist/js/bootstrap.bundle.min.js
HTTP_REFERER=http://medikoma.local/site/import
---
2019/10/07 18:05:13 [error] [exception.CHttpException.404] CHttpException: Unable to resolve the request "docs/4.3/dist/js/bootstrap.bundle.min.js". in /var/www/html/medikoma/yii/framework/web/CWebApplication.php:286
Stack trace:
#0 /var/www/html/medikoma/yii/framework/web/CWebApplication.php(141): CWebApplication->runController('docs/4.3/dist/j...')
#1 /var/www/html/medikoma/yii/framework/base/CApplication.php(185): CWebApplication->processRequest()
#2 /var/www/html/medikoma/app/index.php(18): CApplication->run()
#3 {main}
REQUEST_URI=/docs/4.3/dist/js/bootstrap.bundle.min.js
HTTP_REFERER=http://medikoma.local/site/import
---
2019/10/07 18:05:13 [error] [exception.CHttpException.404] CHttpException: Unable to resolve the request "docs/4.3/dist/css/bootstrap.min.css". in /var/www/html/medikoma/yii/framework/web/CWebApplication.php:286
Stack trace:
#0 /var/www/html/medikoma/yii/framework/web/CWebApplication.php(141): CWebApplication->runController('docs/4.3/dist/c...')
#1 /var/www/html/medikoma/yii/framework/base/CApplication.php(185): CWebApplication->processRequest()
#2 /var/www/html/medikoma/app/index.php(18): CApplication->run()
#3 {main}
REQUEST_URI=/docs/4.3/dist/css/bootstrap.min.css
HTTP_REFERER=http://medikoma.local/site/import
---
2019/10/07 18:05:13 [error] [exception.CHttpException.404] CHttpException: Unable to resolve the request "docs/4.3/dist/js/bootstrap.bundle.min.js". in /var/www/html/medikoma/yii/framework/web/CWebApplication.php:286
Stack trace:
#0 /var/www/html/medikoma/yii/framework/web/CWebApplication.php(141): CWebApplication->runController('docs/4.3/dist/j...')
#1 /var/www/html/medikoma/yii/framework/base/CApplication.php(185): CWebApplication->processRequest()
#2 /var/www/html/medikoma/app/index.php(18): CApplication->run()
#3 {main}
REQUEST_URI=/docs/4.3/dist/js/bootstrap.bundle.min.js
HTTP_REFERER=http://medikoma.local/site/import
---
2019/10/07 18:05:13 [error] [exception.CHttpException.404] CHttpException: Unable to resolve the request "docs/4.3/dist/js/bootstrap.bundle.min.js". in /var/www/html/medikoma/yii/framework/web/CWebApplication.php:286
Stack trace:
#0 /var/www/html/medikoma/yii/framework/web/CWebApplication.php(141): CWebApplication->runController('docs/4.3/dist/j...')
#1 /var/www/html/medikoma/yii/framework/base/CApplication.php(185): CWebApplication->processRequest()
#2 /var/www/html/medikoma/app/index.php(18): CApplication->run()
#3 {main}
REQUEST_URI=/docs/4.3/dist/js/bootstrap.bundle.min.js
HTTP_REFERER=http://medikoma.local/site/import
---
2019/10/07 18:05:13 [error] [exception.CHttpException.404] CHttpException: Unable to resolve the request "docs/4.3/dist/css/bootstrap.min.css". in /var/www/html/medikoma/yii/framework/web/CWebApplication.php:286
Stack trace:
#0 /var/www/html/medikoma/yii/framework/web/CWebApplication.php(141): CWebApplication->runController('docs/4.3/dist/c...')
#1 /var/www/html/medikoma/yii/framework/base/CApplication.php(185): CWebApplication->processRequest()
#2 /var/www/html/medikoma/app/index.php(18): CApplication->run()
#3 {main}
REQUEST_URI=/docs/4.3/dist/css/bootstrap.min.css
HTTP_REFERER=http://medikoma.local/site/import
---
2019/10/07 18:05:13 [error] [exception.CHttpException.404] CHttpException: Unable to resolve the request "docs/4.3/dist/js/bootstrap.bundle.min.js". in /var/www/html/medikoma/yii/framework/web/CWebApplication.php:286
Stack trace:
#0 /var/www/html/medikoma/yii/framework/web/CWebApplication.php(141): CWebApplication->runController('docs/4.3/dist/j...')
#1 /var/www/html/medikoma/yii/framework/base/CApplication.php(185): CWebApplication->processRequest()
#2 /var/www/html/medikoma/app/index.php(18): CApplication->run()
#3 {main}
REQUEST_URI=/docs/4.3/dist/js/bootstrap.bundle.min.js
HTTP_REFERER=http://medikoma.local/site/import
---
2019/10/07 18:17:33 [error] [php] Use of undefined constant te - assumed 'te' (/var/www/html/medikoma/app/protected/controllers/SiteController.php:38)
Stack trace:
#0 /var/www/html/medikoma/yii/framework/web/CController.php(308): CInlineAction->runWithParams()
#1 /var/www/html/medikoma/yii/framework/web/CController.php(286): SiteController->runAction()
#2 /var/www/html/medikoma/yii/framework/web/CController.php(265): SiteController->runActionWithFilters()
#3 /var/www/html/medikoma/yii/framework/web/CWebApplication.php(282): SiteController->run()
#4 /var/www/html/medikoma/yii/framework/web/CWebApplication.php(141): CWebApplication->runController()
#5 /var/www/html/medikoma/yii/framework/base/CApplication.php(185): CWebApplication->processRequest()
#6 /var/www/html/medikoma/app/index.php(18): CWebApplication->run()
REQUEST_URI=/site/import
2019/10/07 18:17:49 [error] [php] Undefined index: fileToUpload (/var/www/html/medikoma/app/protected/controllers/SiteController.php:38)
Stack trace:
#0 /var/www/html/medikoma/yii/framework/web/CController.php(308): CInlineAction->runWithParams()
#1 /var/www/html/medikoma/yii/framework/web/CController.php(286): SiteController->runAction()
#2 /var/www/html/medikoma/yii/framework/web/CController.php(265): SiteController->runActionWithFilters()
#3 /var/www/html/medikoma/yii/framework/web/CWebApplication.php(282): SiteController->run()
#4 /var/www/html/medikoma/yii/framework/web/CWebApplication.php(141): CWebApplication->runController()
#5 /var/www/html/medikoma/yii/framework/base/CApplication.php(185): CWebApplication->processRequest()
#6 /var/www/html/medikoma/app/index.php(18): CWebApplication->run()
REQUEST_URI=/site/import
2019/10/07 18:17:51 [error] [php] Undefined index: fileToUpload (/var/www/html/medikoma/app/protected/controllers/SiteController.php:38)
Stack trace:
#0 /var/www/html/medikoma/yii/framework/web/CController.php(308): CInlineAction->runWithParams()
#1 /var/www/html/medikoma/yii/framework/web/CController.php(286): SiteController->runAction()
#2 /var/www/html/medikoma/yii/framework/web/CController.php(265): SiteController->runActionWithFilters()
#3 /var/www/html/medikoma/yii/framework/web/CWebApplication.php(282): SiteController->run()
#4 /var/www/html/medikoma/yii/framework/web/CWebApplication.php(141): CWebApplication->runController()
#5 /var/www/html/medikoma/yii/framework/base/CApplication.php(185): CWebApplication->processRequest()
#6 /var/www/html/medikoma/app/index.php(18): CWebApplication->run()
REQUEST_URI=/site/import
2019/10/07 18:18:25 [error] [php] fopen(sample_users.csv): failed to open stream: No such file or directory (/var/www/html/medikoma/app/protected/controllers/SiteController.php:42)
Stack trace:
#0 /var/www/html/medikoma/yii/framework/web/actions/CInlineAction.php(49): SiteController->actionImport()
#1 /var/www/html/medikoma/yii/framework/web/CController.php(308): CInlineAction->runWithParams()
#2 /var/www/html/medikoma/yii/framework/web/CController.php(286): SiteController->runAction()
#3 /var/www/html/medikoma/yii/framework/web/CController.php(265): SiteController->runActionWithFilters()
#4 /var/www/html/medikoma/yii/framework/web/CWebApplication.php(282): SiteController->run()
#5 /var/www/html/medikoma/yii/framework/web/CWebApplication.php(141): CWebApplication->runController()
#6 /var/www/html/medikoma/yii/framework/base/CApplication.php(185): CWebApplication->processRequest()
#7 /var/www/html/medikoma/app/index.php(18): CWebApplication->run()
REQUEST_URI=/site/import
2019/10/07 18:18:46 [error] [php] fopen() expects parameter 1 to be a valid path, array given (/var/www/html/medikoma/app/protected/controllers/SiteController.php:42)
Stack trace:
#0 /var/www/html/medikoma/yii/framework/web/actions/CInlineAction.php(49): SiteController->actionImport()
#1 /var/www/html/medikoma/yii/framework/web/CController.php(308): CInlineAction->runWithParams()
#2 /var/www/html/medikoma/yii/framework/web/CController.php(286): SiteController->runAction()
#3 /var/www/html/medikoma/yii/framework/web/CController.php(265): SiteController->runActionWithFilters()
#4 /var/www/html/medikoma/yii/framework/web/CWebApplication.php(282): SiteController->run()
#5 /var/www/html/medikoma/yii/framework/web/CWebApplication.php(141): CWebApplication->runController()
#6 /var/www/html/medikoma/yii/framework/base/CApplication.php(185): CWebApplication->processRequest()
#7 /var/www/html/medikoma/app/index.php(18): CWebApplication->run()
REQUEST_URI=/site/import
2019/10/07 18:18:53 [error] [php] fopen(sample_users.csv): failed to open stream: No such file or directory (/var/www/html/medikoma/app/protected/controllers/SiteController.php:42)
Stack trace:
#0 /var/www/html/medikoma/yii/framework/web/actions/CInlineAction.php(49): SiteController->actionImport()
#1 /var/www/html/medikoma/yii/framework/web/CController.php(308): CInlineAction->runWithParams()
#2 /var/www/html/medikoma/yii/framework/web/CController.php(286): SiteController->runAction()
#3 /var/www/html/medikoma/yii/framework/web/CController.php(265): SiteController->runActionWithFilters()
#4 /var/www/html/medikoma/yii/framework/web/CWebApplication.php(282): SiteController->run()
#5 /var/www/html/medikoma/yii/framework/web/CWebApplication.php(141): CWebApplication->runController()
#6 /var/www/html/medikoma/yii/framework/base/CApplication.php(185): CWebApplication->processRequest()
#7 /var/www/html/medikoma/app/index.php(18): CWebApplication->run()
REQUEST_URI=/site/import
2019/10/07 18:19:00 [error] [php] fopen(sample_users.csv): failed to open stream: No such file or directory (/var/www/html/medikoma/app/protected/controllers/SiteController.php:42)
Stack trace:
#0 /var/www/html/medikoma/yii/framework/web/actions/CInlineAction.php(49): SiteController->actionImport()
#1 /var/www/html/medikoma/yii/framework/web/CController.php(308): CInlineAction->runWithParams()
#2 /var/www/html/medikoma/yii/framework/web/CController.php(286): SiteController->runAction()
#3 /var/www/html/medikoma/yii/framework/web/CController.php(265): SiteController->runActionWithFilters()
#4 /var/www/html/medikoma/yii/framework/web/CWebApplication.php(282): SiteController->run()
#5 /var/www/html/medikoma/yii/framework/web/CWebApplication.php(141): CWebApplication->runController()
#6 /var/www/html/medikoma/yii/framework/base/CApplication.php(185): CWebApplication->processRequest()
#7 /var/www/html/medikoma/app/index.php(18): CWebApplication->run()
REQUEST_URI=/site/import
2019/10/07 18:20:16 [error] [php] fopen(sample_users.csv): failed to open stream: No such file or directory (/var/www/html/medikoma/app/protected/controllers/SiteController.php:42)
Stack trace:
#0 /var/www/html/medikoma/yii/framework/web/actions/CInlineAction.php(49): SiteController->actionImport()
#1 /var/www/html/medikoma/yii/framework/web/CController.php(308): CInlineAction->runWithParams()
#2 /var/www/html/medikoma/yii/framework/web/CController.php(286): SiteController->runAction()
#3 /var/www/html/medikoma/yii/framework/web/CController.php(265): SiteController->runActionWithFilters()
#4 /var/www/html/medikoma/yii/framework/web/CWebApplication.php(282): SiteController->run()
#5 /var/www/html/medikoma/yii/framework/web/CWebApplication.php(141): CWebApplication->runController()
#6 /var/www/html/medikoma/yii/framework/base/CApplication.php(185): CWebApplication->processRequest()
#7 /var/www/html/medikoma/app/index.php(18): CWebApplication->run()
REQUEST_URI=/site/import
2019/10/07 18:22:09 [error] [php] fopen(): Filename cannot be empty (/var/www/html/medikoma/app/protected/controllers/SiteController.php:39)
Stack trace:
#0 /var/www/html/medikoma/yii/framework/web/actions/CInlineAction.php(49): SiteController->actionImport()
#1 /var/www/html/medikoma/yii/framework/web/CController.php(308): CInlineAction->runWithParams()
#2 /var/www/html/medikoma/yii/framework/web/CController.php(286): SiteController->runAction()
#3 /var/www/html/medikoma/yii/framework/web/CController.php(265): SiteController->runActionWithFilters()
#4 /var/www/html/medikoma/yii/framework/web/CWebApplication.php(282): SiteController->run()
#5 /var/www/html/medikoma/yii/framework/web/CWebApplication.php(141): CWebApplication->runController()
#6 /var/www/html/medikoma/yii/framework/base/CApplication.php(185): CWebApplication->processRequest()
#7 /var/www/html/medikoma/app/index.php(18): CWebApplication->run()
REQUEST_URI=/site/import
2019/10/07 18:23:35 [error] [exception.CHttpException.404] CHttpException: The system is unable to find the requested action "index". in /var/www/html/medikoma/yii/framework/web/CController.php:483
Stack trace:
#0 /var/www/html/medikoma/yii/framework/web/CController.php(270): CController->missingAction('index')
#1 /var/www/html/medikoma/yii/framework/web/CWebApplication.php(282): CController->run('index')
#2 /var/www/html/medikoma/yii/framework/web/CWebApplication.php(141): CWebApplication->runController('site/index')
#3 /var/www/html/medikoma/yii/framework/base/CApplication.php(185): CWebApplication->processRequest()
#4 /var/www/html/medikoma/app/index.php(18): CApplication->run()
#5 {main}
REQUEST_URI=/site/index
HTTP_REFERER=http://medikoma.local/site/import
---
2019/10/07 18:23:41 [error] [exception.CHttpException.404] CHttpException: The system is unable to find the requested action "index". in /var/www/html/medikoma/yii/framework/web/CController.php:483
Stack trace:
#0 /var/www/html/medikoma/yii/framework/web/CController.php(270): CController->missingAction('index')
#1 /var/www/html/medikoma/yii/framework/web/CWebApplication.php(282): CController->run('index')
#2 /var/www/html/medikoma/yii/framework/web/CWebApplication.php(141): CWebApplication->runController('site/index')
#3 /var/www/html/medikoma/yii/framework/base/CApplication.php(185): CWebApplication->processRequest()
#4 /var/www/html/medikoma/app/index.php(18): CApplication->run()
#5 {main}
REQUEST_URI=/site/index
HTTP_REFERER=http://medikoma.local/site/import
---
2019/10/07 18:23:42 [error] [exception.CHttpException.404] CHttpException: The system is unable to find the requested action "index". in /var/www/html/medikoma/yii/framework/web/CController.php:483
Stack trace:
#0 /var/www/html/medikoma/yii/framework/web/CController.php(270): CController->missingAction('index')
#1 /var/www/html/medikoma/yii/framework/web/CWebApplication.php(282): CController->run('index')
#2 /var/www/html/medikoma/yii/framework/web/CWebApplication.php(141): CWebApplication->runController('site/index')
#3 /var/www/html/medikoma/yii/framework/base/CApplication.php(185): CWebApplication->processRequest()
#4 /var/www/html/medikoma/app/index.php(18): CApplication->run()
#5 {main}
REQUEST_URI=/site/index
HTTP_REFERER=http://medikoma.local/site/import
---
2019/10/07 18:23:49 [error] [exception.CHttpException.404] CHttpException: The system is unable to find the requested action "index". in /var/www/html/medikoma/yii/framework/web/CController.php:483
Stack trace:
#0 /var/www/html/medikoma/yii/framework/web/CController.php(270): CController->missingAction('index')
#1 /var/www/html/medikoma/yii/framework/web/CWebApplication.php(282): CController->run('index')
#2 /var/www/html/medikoma/yii/framework/web/CWebApplication.php(141): CWebApplication->runController('site/index')
#3 /var/www/html/medikoma/yii/framework/base/CApplication.php(185): CWebApplication->processRequest()
#4 /var/www/html/medikoma/app/index.php(18): CApplication->run()
#5 {main}
REQUEST_URI=/site/index
HTTP_REFERER=http://medikoma.local/site/import
---
2019/10/07 18:23:51 [error] [exception.CHttpException.404] CHttpException: The system is unable to find the requested action "index". in /var/www/html/medikoma/yii/framework/web/CController.php:483
Stack trace:
#0 /var/www/html/medikoma/yii/framework/web/CController.php(270): CController->missingAction('index')
#1 /var/www/html/medikoma/yii/framework/web/CWebApplication.php(282): CController->run('index')
#2 /var/www/html/medikoma/yii/framework/web/CWebApplication.php(141): CWebApplication->runController('site/index')
#3 /var/www/html/medikoma/yii/framework/base/CApplication.php(185): CWebApplication->processRequest()
#4 /var/www/html/medikoma/app/index.php(18): CApplication->run()
#5 {main}
REQUEST_URI=/site/index
---
2019/10/07 18:34:21 [error] [exception.CHttpException.404] CHttpException: Unable to resolve the request "var/www/html/medikoma/app/files/output.json". in /var/www/html/medikoma/yii/framework/web/CWebApplication.php:286
Stack trace:
#0 /var/www/html/medikoma/yii/framework/web/CWebApplication.php(141): CWebApplication->runController('var/www/html/me...')
#1 /var/www/html/medikoma/yii/framework/base/CApplication.php(185): CWebApplication->processRequest()
#2 /var/www/html/medikoma/app/index.php(18): CApplication->run()
#3 {main}
REQUEST_URI=/var/www/html/medikoma/app/files/output.json
HTTP_REFERER=http://medikoma.local/site/import
---
2019/10/07 18:35:06 [error] [exception.CHttpException.404] CHttpException: Unable to resolve the request "var/www/html/medikoma/app/files/output.json". in /var/www/html/medikoma/yii/framework/web/CWebApplication.php:286
Stack trace:
#0 /var/www/html/medikoma/yii/framework/web/CWebApplication.php(141): CWebApplication->runController('var/www/html/me...')
#1 /var/www/html/medikoma/yii/framework/base/CApplication.php(185): CWebApplication->processRequest()
#2 /var/www/html/medikoma/app/index.php(18): CApplication->run()
#3 {main}
REQUEST_URI=/var/www/html/medikoma/app/files/output.json
HTTP_REFERER=http://medikoma.local/site/import
---
2019/10/07 18:35:24 [error] [exception.CHttpException.404] CHttpException: Unable to resolve the request "var/www/html/medikoma/app/files/output.json". in /var/www/html/medikoma/yii/framework/web/CWebApplication.php:286
Stack trace:
#0 /var/www/html/medikoma/yii/framework/web/CWebApplication.php(141): CWebApplication->runController('var/www/html/me...')
#1 /var/www/html/medikoma/yii/framework/base/CApplication.php(185): CWebApplication->processRequest()
#2 /var/www/html/medikoma/app/index.php(18): CApplication->run()
#3 {main}
REQUEST_URI=/var/www/html/medikoma/app/files/output.json
HTTP_REFERER=http://medikoma.local/site/import
---
2019/10/07 18:35:25 [error] [exception.CHttpException.404] CHttpException: Unable to resolve the request "var/www/html/medikoma/app/files/output.json". in /var/www/html/medikoma/yii/framework/web/CWebApplication.php:286
Stack trace:
#0 /var/www/html/medikoma/yii/framework/web/CWebApplication.php(141): CWebApplication->runController('var/www/html/me...')
#1 /var/www/html/medikoma/yii/framework/base/CApplication.php(185): CWebApplication->processRequest()
#2 /var/www/html/medikoma/app/index.php(18): CApplication->run()
#3 {main}
REQUEST_URI=/var/www/html/medikoma/app/files/output.json
HTTP_REFERER=http://medikoma.local/site/import
---
2019/10/07 18:35:28 [error] [exception.CHttpException.404] CHttpException: Unable to resolve the request "var/www/html/medikoma/app/files/output.json". in /var/www/html/medikoma/yii/framework/web/CWebApplication.php:286
Stack trace:
#0 /var/www/html/medikoma/yii/framework/web/CWebApplication.php(141): CWebApplication->runController('var/www/html/me...')
#1 /var/www/html/medikoma/yii/framework/base/CApplication.php(185): CWebApplication->processRequest()
#2 /var/www/html/medikoma/app/index.php(18): CApplication->run()
#3 {main}
REQUEST_URI=/var/www/html/medikoma/app/files/output.json
---
2019/10/07 18:36:07 [error] [exception.CHttpException.404] CHttpException: Unable to resolve the request "var/www/html/medikoma/app/files". in /var/www/html/medikoma/yii/framework/web/CWebApplication.php:286
Stack trace:
#0 /var/www/html/medikoma/yii/framework/web/CWebApplication.php(141): CWebApplication->runController('var/www/html/me...')
#1 /var/www/html/medikoma/yii/framework/base/CApplication.php(185): CWebApplication->processRequest()
#2 /var/www/html/medikoma/app/index.php(18): CApplication->run()
#3 {main}
REQUEST_URI=/var/www/html/medikoma/app/files/
---
2019/10/07 18:36:18 [error] [exception.CHttpException.404] CHttpException: Unable to resolve the request "var/www/html/medikoma/app/files". in /var/www/html/medikoma/yii/framework/web/CWebApplication.php:286
Stack trace:
#0 /var/www/html/medikoma/yii/framework/web/CWebApplication.php(141): CWebApplication->runController('var/www/html/me...')
#1 /var/www/html/medikoma/yii/framework/base/CApplication.php(185): CWebApplication->processRequest()
#2 /var/www/html/medikoma/app/index.php(18): CApplication->run()
#3 {main}
REQUEST_URI=/var/www/html/medikoma/app/files/
---
2019/10/07 18:36:23 [error] [exception.CHttpException.404] CHttpException: Unable to resolve the request "var/www/html/medikoma/app". in /var/www/html/medikoma/yii/framework/web/CWebApplication.php:286
Stack trace:
#0 /var/www/html/medikoma/yii/framework/web/CWebApplication.php(141): CWebApplication->runController('var/www/html/me...')
#1 /var/www/html/medikoma/yii/framework/base/CApplication.php(185): CWebApplication->processRequest()
#2 /var/www/html/medikoma/app/index.php(18): CApplication->run()
#3 {main}
REQUEST_URI=/var/www/html/medikoma/app/
---
2019/10/07 18:36:50 [error] [exception.CHttpException.404] CHttpException: Unable to resolve the request "var/www/html/medikoma/files". in /var/www/html/medikoma/yii/framework/web/CWebApplication.php:286
Stack trace:
#0 /var/www/html/medikoma/yii/framework/web/CWebApplication.php(141): CWebApplication->runController('var/www/html/me...')
#1 /var/www/html/medikoma/yii/framework/base/CApplication.php(185): CWebApplication->processRequest()
#2 /var/www/html/medikoma/app/index.php(18): CApplication->run()
#3 {main}
REQUEST_URI=/var/www/html/medikoma/files
---
2019/10/07 18:36:55 [error] [exception.CHttpException.404] CHttpException: Unable to resolve the request "var/www/html/medikoma". in /var/www/html/medikoma/yii/framework/web/CWebApplication.php:286
Stack trace:
#0 /var/www/html/medikoma/yii/framework/web/CWebApplication.php(141): CWebApplication->runController('var/www/html/me...')
#1 /var/www/html/medikoma/yii/framework/base/CApplication.php(185): CWebApplication->processRequest()
#2 /var/www/html/medikoma/app/index.php(18): CApplication->run()
#3 {main}
REQUEST_URI=/var/www/html/medikoma/
---
2019/10/07 18:36:59 [error] [exception.CHttpException.404] CHttpException: Unable to resolve the request "var/www/html/medikoma". in /var/www/html/medikoma/yii/framework/web/CWebApplication.php:286
Stack trace:
#0 /var/www/html/medikoma/yii/framework/web/CWebApplication.php(141): CWebApplication->runController('var/www/html/me...')
#1 /var/www/html/medikoma/yii/framework/base/CApplication.php(185): CWebApplication->processRequest()
#2 /var/www/html/medikoma/app/index.php(18): CApplication->run()
#3 {main}
REQUEST_URI=/var/www/html/medikoma/
---
2019/10/07 18:37:31 [error] [exception.CHttpException.404] CHttpException: Unable to resolve the request "app/files". in /var/www/html/medikoma/yii/framework/web/CWebApplication.php:286
Stack trace:
#0 /var/www/html/medikoma/yii/framework/web/CWebApplication.php(141): CWebApplication->runController('app/files')
#1 /var/www/html/medikoma/yii/framework/base/CApplication.php(185): CWebApplication->processRequest()
#2 /var/www/html/medikoma/app/index.php(18): CApplication->run()
#3 {main}
REQUEST_URI=/app/files/
---
2019/10/07 18:52:57 [error] [exception.CHttpException.404] CHttpException: The system is unable to find the requested action "index". in /var/www/html/medikoma/yii/framework/web/CController.php:483
Stack trace:
#0 /var/www/html/medikoma/yii/framework/web/CController.php(270): CController->missingAction('')
#1 /var/www/html/medikoma/yii/framework/web/CWebApplication.php(282): CController->run('')
#2 /var/www/html/medikoma/yii/framework/web/CWebApplication.php(141): CWebApplication->runController('')
#3 /var/www/html/medikoma/yii/framework/base/CApplication.php(185): CWebApplication->processRequest()
#4 /var/www/html/medikoma/app/index.php(18): CApplication->run()
#5 {main}
REQUEST_URI=/
---
2019/10/07 18:53:02 [error] [exception.CHttpException.404] CHttpException: The system is unable to find the requested action "index". in /var/www/html/medikoma/yii/framework/web/CController.php:483
Stack trace:
#0 /var/www/html/medikoma/yii/framework/web/CController.php(270): CController->missingAction('')
#1 /var/www/html/medikoma/yii/framework/web/CWebApplication.php(282): CController->run('')
#2 /var/www/html/medikoma/yii/framework/web/CWebApplication.php(141): CWebApplication->runController('site')
#3 /var/www/html/medikoma/yii/framework/base/CApplication.php(185): CWebApplication->processRequest()
#4 /var/www/html/medikoma/app/index.php(18): CApplication->run()
#5 {main}
REQUEST_URI=/site
---
2019/10/07 18:56:50 [error] [exception.CHttpException.404] CHttpException: The system is unable to find the requested action "import". in /var/www/html/medikoma/yii/framework/web/CController.php:483
Stack trace:
#0 /var/www/html/medikoma/yii/framework/web/CController.php(270): CController->missingAction('import')
#1 /var/www/html/medikoma/yii/framework/web/CWebApplication.php(282): CController->run('import')
#2 /var/www/html/medikoma/yii/framework/web/CWebApplication.php(141): CWebApplication->runController('site/import')
#3 /var/www/html/medikoma/yii/framework/base/CApplication.php(185): CWebApplication->processRequest()
#4 /var/www/html/medikoma/app/index.php(18): CApplication->run()
#5 {main}
REQUEST_URI=/site/import
HTTP_REFERER=http://medikoma.local/site/import
---
2019/10/07 13:16:10 [error] [php] include(Controller.php): failed to open stream: No such file or directory (/var/www/html/medikoma/yii/framework/YiiBase.php:432)
Stack trace:
#0 /var/www/html/medikoma/app/protected/controllers/SiteController.php(3): spl_autoload_call()
#1 /var/www/html/medikoma/yii/framework/web/CWebApplication.php(354): require()
#2 /var/www/html/medikoma/yii/framework/web/CWebApplication.php(276): CWebApplication->createController()
#3 /var/www/html/medikoma/yii/framework/web/CWebApplication.php(141): CWebApplication->runController()
#4 /var/www/html/medikoma/yii/framework/base/CApplication.php(185): CWebApplication->processRequest()
#5 /var/www/html/medikoma/app/index.php(18): CWebApplication->run()
REQUEST_URI=/
2019/10/07 13:16:11 [error] [php] include(Controller.php): failed to open stream: No such file or directory (/var/www/html/medikoma/yii/framework/YiiBase.php:432)
Stack trace:
#0 /var/www/html/medikoma/app/protected/controllers/SiteController.php(3): spl_autoload_call()
#1 /var/www/html/medikoma/yii/framework/web/CWebApplication.php(354): require()
#2 /var/www/html/medikoma/yii/framework/web/CWebApplication.php(276): CWebApplication->createController()
#3 /var/www/html/medikoma/yii/framework/web/CWebApplication.php(141): CWebApplication->runController()
#4 /var/www/html/medikoma/yii/framework/base/CApplication.php(185): CWebApplication->processRequest()
#5 /var/www/html/medikoma/app/index.php(18): CWebApplication->run()
REQUEST_URI=/
2019/10/07 13:16:11 [error] [php] include(Controller.php): failed to open stream: No such file or directory (/var/www/html/medikoma/yii/framework/YiiBase.php:432)
Stack trace:
#0 /var/www/html/medikoma/app/protected/controllers/SiteController.php(3): spl_autoload_call()
#1 /var/www/html/medikoma/yii/framework/web/CWebApplication.php(354): require()
#2 /var/www/html/medikoma/yii/framework/web/CWebApplication.php(276): CWebApplication->createController()
#3 /var/www/html/medikoma/yii/framework/web/CWebApplication.php(141): CWebApplication->runController()
#4 /var/www/html/medikoma/yii/framework/base/CApplication.php(185): CWebApplication->processRequest()
#5 /var/www/html/medikoma/app/index.php(18): CWebApplication->run()
REQUEST_URI=/
2019/10/07 13:16:11 [error] [php] include(Controller.php): failed to open stream: No such file or directory (/var/www/html/medikoma/yii/framework/YiiBase.php:432)
Stack trace:
#0 /var/www/html/medikoma/app/protected/controllers/SiteController.php(3): spl_autoload_call()
#1 /var/www/html/medikoma/yii/framework/web/CWebApplication.php(354): require()
#2 /var/www/html/medikoma/yii/framework/web/CWebApplication.php(276): CWebApplication->createController()
#3 /var/www/html/medikoma/yii/framework/web/CWebApplication.php(141): CWebApplication->runController()
#4 /var/www/html/medikoma/yii/framework/base/CApplication.php(185): CWebApplication->processRequest()
#5 /var/www/html/medikoma/app/index.php(18): CWebApplication->run()
REQUEST_URI=/
2019/10/07 13:16:12 [error] [php] include(Controller.php): failed to open stream: No such file or directory (/var/www/html/medikoma/yii/framework/YiiBase.php:432)
Stack trace:
#0 /var/www/html/medikoma/app/protected/controllers/SiteController.php(3): spl_autoload_call()
#1 /var/www/html/medikoma/yii/framework/web/CWebApplication.php(354): require()
#2 /var/www/html/medikoma/yii/framework/web/CWebApplication.php(276): CWebApplication->createController()
#3 /var/www/html/medikoma/yii/framework/web/CWebApplication.php(141): CWebApplication->runController()
#4 /var/www/html/medikoma/yii/framework/base/CApplication.php(185): CWebApplication->processRequest()
#5 /var/www/html/medikoma/app/index.php(18): CWebApplication->run()
REQUEST_URI=/
2019/10/07 13:16:12 [error] [php] include(Controller.php): failed to open stream: No such file or directory (/var/www/html/medikoma/yii/framework/YiiBase.php:432)
Stack trace:
#0 /var/www/html/medikoma/app/protected/controllers/SiteController.php(3): spl_autoload_call()
#1 /var/www/html/medikoma/yii/framework/web/CWebApplication.php(354): require()
#2 /var/www/html/medikoma/yii/framework/web/CWebApplication.php(276): CWebApplication->createController()
#3 /var/www/html/medikoma/yii/framework/web/CWebApplication.php(141): CWebApplication->runController()
#4 /var/www/html/medikoma/yii/framework/base/CApplication.php(185): CWebApplication->processRequest()
#5 /var/www/html/medikoma/app/index.php(18): CWebApplication->run()
REQUEST_URI=/
2019/10/07 13:16:12 [error] [php] include(Controller.php): failed to open stream: No such file or directory (/var/www/html/medikoma/yii/framework/YiiBase.php:432)
Stack trace:
#0 /var/www/html/medikoma/app/protected/controllers/SiteController.php(3): spl_autoload_call()
#1 /var/www/html/medikoma/yii/framework/web/CWebApplication.php(354): require()
#2 /var/www/html/medikoma/yii/framework/web/CWebApplication.php(276): CWebApplication->createController()
#3 /var/www/html/medikoma/yii/framework/web/CWebApplication.php(141): CWebApplication->runController()
#4 /var/www/html/medikoma/yii/framework/base/CApplication.php(185): CWebApplication->processRequest()
#5 /var/www/html/medikoma/app/index.php(18): CWebApplication->run()
REQUEST_URI=/
2019/10/07 13:16:12 [error] [php] include(Controller.php): failed to open stream: No such file or directory (/var/www/html/medikoma/yii/framework/YiiBase.php:432)
Stack trace:
#0 /var/www/html/medikoma/app/protected/controllers/SiteController.php(3): spl_autoload_call()
#1 /var/www/html/medikoma/yii/framework/web/CWebApplication.php(354): require()
#2 /var/www/html/medikoma/yii/framework/web/CWebApplication.php(276): CWebApplication->createController()
#3 /var/www/html/medikoma/yii/framework/web/CWebApplication.php(141): CWebApplication->runController()
#4 /var/www/html/medikoma/yii/framework/base/CApplication.php(185): CWebApplication->processRequest()
#5 /var/www/html/medikoma/app/index.php(18): CWebApplication->run()
REQUEST_URI=/
2019/10/07 13:16:31 [error] [php] include(Controller.php): failed to open stream: No such file or directory (/var/www/html/medikoma/yii/framework/YiiBase.php:432)
Stack trace:
#0 /var/www/html/medikoma/app/protected/controllers/SiteController.php(3): spl_autoload_call()
#1 /var/www/html/medikoma/yii/framework/web/CWebApplication.php(354): require()
#2 /var/www/html/medikoma/yii/framework/web/CWebApplication.php(276): CWebApplication->createController()
#3 /var/www/html/medikoma/yii/framework/web/CWebApplication.php(141): CWebApplication->runController()
#4 /var/www/html/medikoma/yii/framework/base/CApplication.php(185): CWebApplication->processRequest()
#5 /var/www/html/medikoma/app/index.php(18): CWebApplication->run()
REQUEST_URI=/
2019/10/07 13:16:34 [error] [php] include(Controller.php): failed to open stream: No such file or directory (/var/www/html/medikoma/yii/framework/YiiBase.php:432)
Stack trace:
#0 /var/www/html/medikoma/app/protected/controllers/SiteController.php(3): spl_autoload_call()
#1 /var/www/html/medikoma/yii/framework/web/CWebApplication.php(354): require()
#2 /var/www/html/medikoma/yii/framework/web/CWebApplication.php(276): CWebApplication->createController()
#3 /var/www/html/medikoma/yii/framework/web/CWebApplication.php(141): CWebApplication->runController()
#4 /var/www/html/medikoma/yii/framework/base/CApplication.php(185): CWebApplication->processRequest()
#5 /var/www/html/medikoma/app/index.php(18): CWebApplication->run()
REQUEST_URI=/
2019/10/07 13:16:40 [error] [php] include(Controller.php): failed to open stream: No such file or directory (/var/www/html/medikoma/yii/framework/YiiBase.php:432)
Stack trace:
#0 /var/www/html/medikoma/app/protected/controllers/SiteController.php(3): spl_autoload_call()
#1 /var/www/html/medikoma/yii/framework/web/CWebApplication.php(354): require()
#2 /var/www/html/medikoma/yii/framework/web/CWebApplication.php(276): CWebApplication->createController()
#3 /var/www/html/medikoma/yii/framework/web/CWebApplication.php(141): CWebApplication->runController()
#4 /var/www/html/medikoma/yii/framework/base/CApplication.php(185): CWebApplication->processRequest()
#5 /var/www/html/medikoma/app/index.php(18): CWebApplication->run()
REQUEST_URI=/
2019/10/07 13:16:40 [error] [php] include(Controller.php): failed to open stream: No such file or directory (/var/www/html/medikoma/yii/framework/YiiBase.php:432)
Stack trace:
#0 /var/www/html/medikoma/app/protected/controllers/SiteController.php(3): spl_autoload_call()
#1 /var/www/html/medikoma/yii/framework/web/CWebApplication.php(354): require()
#2 /var/www/html/medikoma/yii/framework/web/CWebApplication.php(276): CWebApplication->createController()
#3 /var/www/html/medikoma/yii/framework/web/CWebApplication.php(141): CWebApplication->runController()
#4 /var/www/html/medikoma/yii/framework/base/CApplication.php(185): CWebApplication->processRequest()
#5 /var/www/html/medikoma/app/index.php(18): CWebApplication->run()
REQUEST_URI=/
2019/10/07 13:16:50 [error] [php] include(Controller.php): failed to open stream: No such file or directory (/var/www/html/medikoma/yii/framework/YiiBase.php:432)
Stack trace:
#0 /var/www/html/medikoma/app/protected/controllers/SiteController.php(3): spl_autoload_call()
#1 /var/www/html/medikoma/yii/framework/web/CWebApplication.php(354): require()
#2 /var/www/html/medikoma/yii/framework/web/CWebApplication.php(276): CWebApplication->createController()
#3 /var/www/html/medikoma/yii/framework/web/CWebApplication.php(141): CWebApplication->runController()
#4 /var/www/html/medikoma/yii/framework/base/CApplication.php(185): CWebApplication->processRequest()
#5 /var/www/html/medikoma/app/index.php(18): CWebApplication->run()
REQUEST_URI=/
2019/10/07 13:16:50 [error] [php] include(Controller.php): failed to open stream: No such file or directory (/var/www/html/medikoma/yii/framework/YiiBase.php:432)
Stack trace:
#0 /var/www/html/medikoma/app/protected/controllers/SiteController.php(3): spl_autoload_call()
#1 /var/www/html/medikoma/yii/framework/web/CWebApplication.php(354): require()
#2 /var/www/html/medikoma/yii/framework/web/CWebApplication.php(276): CWebApplication->createController()
#3 /var/www/html/medikoma/yii/framework/web/CWebApplication.php(141): CWebApplication->runController()
#4 /var/www/html/medikoma/yii/framework/base/CApplication.php(185): CWebApplication->processRequest()
#5 /var/www/html/medikoma/app/index.php(18): CWebApplication->run()
REQUEST_URI=/
2019/10/07 13:17:11 [error] [php] include(Controller.php): failed to open stream: No such file or directory (/var/www/html/medikoma/yii/framework/YiiBase.php:432)
Stack trace:
#0 /var/www/html/medikoma/app/protected/controllers/SiteController.php(3): spl_autoload_call()
#1 /var/www/html/medikoma/yii/framework/web/CWebApplication.php(354): require()
#2 /var/www/html/medikoma/yii/framework/web/CWebApplication.php(276): CWebApplication->createController()
#3 /var/www/html/medikoma/yii/framework/web/CWebApplication.php(141): CWebApplication->runController()
#4 /var/www/html/medikoma/yii/framework/base/CApplication.php(185): CWebApplication->processRequest()
#5 /var/www/html/medikoma/app/index.php(18): CWebApplication->run()
REQUEST_URI=/
2019/10/07 13:17:11 [error] [php] include(Controller.php): failed to open stream: No such file or directory (/var/www/html/medikoma/yii/framework/YiiBase.php:432)
Stack trace:
#0 /var/www/html/medikoma/app/protected/controllers/SiteController.php(3): spl_autoload_call()
#1 /var/www/html/medikoma/yii/framework/web/CWebApplication.php(354): require()
#2 /var/www/html/medikoma/yii/framework/web/CWebApplication.php(276): CWebApplication->createController()
#3 /var/www/html/medikoma/yii/framework/web/CWebApplication.php(141): CWebApplication->runController()
#4 /var/www/html/medikoma/yii/framework/base/CApplication.php(185): CWebApplication->processRequest()
#5 /var/www/html/medikoma/app/index.php(18): CWebApplication->run()
REQUEST_URI=/
2019/10/07 19:02:53 [error] [exception.Error] Error: Call to undefined function env() in /var/www/html/medikoma/app/protected/components/Controller.php:57
Stack trace:
#0 /var/www/html/medikoma/yii/framework/web/CController.php(306): Controller->beforeAction(Object(CInlineAction))
#1 /var/www/html/medikoma/yii/framework/web/CController.php(286): CController->runAction(Object(CInlineAction))
#2 /var/www/html/medikoma/yii/framework/web/CController.php(265): CController->runActionWithFilters(Object(CInlineAction), Array)
#3 /var/www/html/medikoma/yii/framework/web/CWebApplication.php(282): CController->run('')
#4 /var/www/html/medikoma/yii/framework/web/CWebApplication.php(141): CWebApplication->runController('')
#5 /var/www/html/medikoma/yii/framework/base/CApplication.php(185): CWebApplication->processRequest()
#6 /var/www/html/medikoma/app/index.php(18): CApplication->run()
#7 {main}
REQUEST_URI=/
HTTP_REFERER=http://medikoma.local/
---
2019/10/07 19:02:54 [error] [exception.Error] Error: Call to undefined function env() in /var/www/html/medikoma/app/protected/components/Controller.php:57
Stack trace:
#0 /var/www/html/medikoma/yii/framework/web/CController.php(306): Controller->beforeAction(Object(CInlineAction))
#1 /var/www/html/medikoma/yii/framework/web/CController.php(286): CController->runAction(Object(CInlineAction))
#2 /var/www/html/medikoma/yii/framework/web/CController.php(265): CController->runActionWithFilters(Object(CInlineAction), Array)
#3 /var/www/html/medikoma/yii/framework/web/CWebApplication.php(282): CController->run('')
#4 /var/www/html/medikoma/yii/framework/web/CWebApplication.php(141): CWebApplication->runController('')
#5 /var/www/html/medikoma/yii/framework/base/CApplication.php(185): CWebApplication->processRequest()
#6 /var/www/html/medikoma/app/index.php(18): CApplication->run()
#7 {main}
REQUEST_URI=/
HTTP_REFERER=http://medikoma.local/
---
2019/10/07 19:03:01 [error] [exception.Error] Error: Call to undefined function env() in /var/www/html/medikoma/app/protected/components/Controller.php:57
Stack trace:
#0 /var/www/html/medikoma/yii/framework/web/CController.php(306): Controller->beforeAction(Object(CInlineAction))
#1 /var/www/html/medikoma/yii/framework/web/CController.php(286): CController->runAction(Object(CInlineAction))
#2 /var/www/html/medikoma/yii/framework/web/CController.php(265): CController->runActionWithFilters(Object(CInlineAction), Array)
#3 /var/www/html/medikoma/yii/framework/web/CWebApplication.php(282): CController->run('')
#4 /var/www/html/medikoma/yii/framework/web/CWebApplication.php(141): CWebApplication->runController('')
#5 /var/www/html/medikoma/yii/framework/base/CApplication.php(185): CWebApplication->processRequest()
#6 /var/www/html/medikoma/app/index.php(18): CApplication->run()
#7 {main}
REQUEST_URI=/
HTTP_REFERER=http://medikoma.local/
---
2019/10/07 19:03:02 [error] [exception.Error] Error: Call to undefined function env() in /var/www/html/medikoma/app/protected/components/Controller.php:57
Stack trace:
#0 /var/www/html/medikoma/yii/framework/web/CController.php(306): Controller->beforeAction(Object(CInlineAction))
#1 /var/www/html/medikoma/yii/framework/web/CController.php(286): CController->runAction(Object(CInlineAction))
#2 /var/www/html/medikoma/yii/framework/web/CController.php(265): CController->runActionWithFilters(Object(CInlineAction), Array)
#3 /var/www/html/medikoma/yii/framework/web/CWebApplication.php(282): CController->run('')
#4 /var/www/html/medikoma/yii/framework/web/CWebApplication.php(141): CWebApplication->runController('')
#5 /var/www/html/medikoma/yii/framework/base/CApplication.php(185): CWebApplication->processRequest()
#6 /var/www/html/medikoma/app/index.php(18): CApplication->run()
#7 {main}
REQUEST_URI=/
HTTP_REFERER=http://medikoma.local/
---
2019/10/07 19:03:07 [error] [exception.Error] Error: Call to undefined function env() in /var/www/html/medikoma/app/protected/components/Controller.php:57
Stack trace:
#0 /var/www/html/medikoma/yii/framework/web/CController.php(306): Controller->beforeAction(Object(CInlineAction))
#1 /var/www/html/medikoma/yii/framework/web/CController.php(286): CController->runAction(Object(CInlineAction))
#2 /var/www/html/medikoma/yii/framework/web/CController.php(265): CController->runActionWithFilters(Object(CInlineAction), Array)
#3 /var/www/html/medikoma/yii/framework/web/CWebApplication.php(282): CController->run('')
#4 /var/www/html/medikoma/yii/framework/web/CWebApplication.php(141): CWebApplication->runController('site')
#5 /var/www/html/medikoma/yii/framework/base/CApplication.php(185): CWebApplication->processRequest()
#6 /var/www/html/medikoma/app/index.php(18): CApplication->run()
#7 {main}
REQUEST_URI=/site
---
2019/10/07 19:03:11 [error] [exception.Error] Error: Call to undefined function env() in /var/www/html/medikoma/app/protected/components/Controller.php:57
Stack trace:
#0 /var/www/html/medikoma/yii/framework/web/CController.php(306): Controller->beforeAction(Object(CInlineAction))
#1 /var/www/html/medikoma/yii/framework/web/CController.php(286): CController->runAction(Object(CInlineAction))
#2 /var/www/html/medikoma/yii/framework/web/CController.php(265): CController->runActionWithFilters(Object(CInlineAction), Array)
#3 /var/www/html/medikoma/yii/framework/web/CWebApplication.php(282): CController->run('index')
#4 /var/www/html/medikoma/yii/framework/web/CWebApplication.php(141): CWebApplication->runController('site/index')
#5 /var/www/html/medikoma/yii/framework/base/CApplication.php(185): CWebApplication->processRequest()
#6 /var/www/html/medikoma/app/index.php(18): CApplication->run()
#7 {main}
REQUEST_URI=/site/index
---
2019/10/07 19:03:20 [error] [exception.Error] Error: Call to undefined function env() in /var/www/html/medikoma/app/protected/components/Controller.php:57
Stack trace:
#0 /var/www/html/medikoma/yii/framework/web/CController.php(306): Controller->beforeAction(Object(CInlineAction))
#1 /var/www/html/medikoma/yii/framework/web/CController.php(286): CController->runAction(Object(CInlineAction))
#2 /var/www/html/medikoma/yii/framework/web/CController.php(265): CController->runActionWithFilters(Object(CInlineAction), Array)
#3 /var/www/html/medikoma/yii/framework/web/CWebApplication.php(282): CController->run('index')
#4 /var/www/html/medikoma/yii/framework/web/CWebApplication.php(141): CWebApplication->runController('site/index')
#5 /var/www/html/medikoma/yii/framework/base/CApplication.php(185): CWebApplication->processRequest()
#6 /var/www/html/medikoma/app/index.php(18): CApplication->run()
#7 {main}
REQUEST_URI=/site/index
---
2019/10/07 19:03:21 [error] [exception.Error] Error: Call to undefined function env() in /var/www/html/medikoma/app/protected/components/Controller.php:57
Stack trace:
#0 /var/www/html/medikoma/yii/framework/web/CController.php(306): Controller->beforeAction(Object(CInlineAction))
#1 /var/www/html/medikoma/yii/framework/web/CController.php(286): CController->runAction(Object(CInlineAction))
#2 /var/www/html/medikoma/yii/framework/web/CController.php(265): CController->runActionWithFilters(Object(CInlineAction), Array)
#3 /var/www/html/medikoma/yii/framework/web/CWebApplication.php(282): CController->run('index')
#4 /var/www/html/medikoma/yii/framework/web/CWebApplication.php(141): CWebApplication->runController('site/index')
#5 /var/www/html/medikoma/yii/framework/base/CApplication.php(185): CWebApplication->processRequest()
#6 /var/www/html/medikoma/app/index.php(18): CApplication->run()
#7 {main}
REQUEST_URI=/site/index
---
2019/10/07 19:03:25 [error] [exception.Error] Error: Call to undefined function env() in /var/www/html/medikoma/app/protected/components/Controller.php:57
Stack trace:
#0 /var/www/html/medikoma/yii/framework/web/CController.php(306): Controller->beforeAction(Object(CInlineAction))
#1 /var/www/html/medikoma/yii/framework/web/CController.php(286): CController->runAction(Object(CInlineAction))
#2 /var/www/html/medikoma/yii/framework/web/CController.php(265): CController->runActionWithFilters(Object(CInlineAction), Array)
#3 /var/www/html/medikoma/yii/framework/web/CWebApplication.php(282): CController->run('')
#4 /var/www/html/medikoma/yii/framework/web/CWebApplication.php(141): CWebApplication->runController('')
#5 /var/www/html/medikoma/yii/framework/base/CApplication.php(185): CWebApplication->processRequest()
#6 /var/www/html/medikoma/app/index.php(18): CApplication->run()
#7 {main}
REQUEST_URI=/site/index
---
2019/10/07 19:03:25 [error] [exception.Error] Error: Call to undefined function env() in /var/www/html/medikoma/app/protected/components/Controller.php:57
Stack trace:
#0 /var/www/html/medikoma/yii/framework/web/CController.php(306): Controller->beforeAction(Object(CInlineAction))
#1 /var/www/html/medikoma/yii/framework/web/CController.php(286): CController->runAction(Object(CInlineAction))
#2 /var/www/html/medikoma/yii/framework/web/CController.php(265): CController->runActionWithFilters(Object(CInlineAction), Array)
#3 /var/www/html/medikoma/yii/framework/web/CWebApplication.php(282): CController->run('')
#4 /var/www/html/medikoma/yii/framework/web/CWebApplication.php(141): CWebApplication->runController('')
#5 /var/www/html/medikoma/yii/framework/base/CApplication.php(185): CWebApplication->processRequest()
#6 /var/www/html/medikoma/app/index.php(18): CApplication->run()
#7 {main}
REQUEST_URI=/site/index
---
2019/10/07 19:04:36 [error] [exception.Error] Error: Call to undefined function env() in /var/www/html/medikoma/app/protected/components/Controller.php:57
Stack trace:
#0 /var/www/html/medikoma/yii/framework/web/CController.php(306): Controller->beforeAction(Object(CInlineAction))
#1 /var/www/html/medikoma/yii/framework/web/CController.php(286): CController->runAction(Object(CInlineAction))
#2 /var/www/html/medikoma/yii/framework/web/CController.php(265): CController->runActionWithFilters(Object(CInlineAction), Array)
#3 /var/www/html/medikoma/yii/framework/web/CWebApplication.php(282): CController->run('index')
#4 /var/www/html/medikoma/yii/framework/web/CWebApplication.php(141): CWebApplication->runController('site/index')
#5 /var/www/html/medikoma/yii/framework/base/CApplication.php(185): CWebApplication->processRequest()
#6 /var/www/html/medikoma/app/index.php(18): CApplication->run()
#7 {main}
REQUEST_URI=/site/index
---
2019/10/07 19:04:36 [error] [exception.Error] Error: Call to undefined function env() in /var/www/html/medikoma/app/protected/components/Controller.php:57
Stack trace:
#0 /var/www/html/medikoma/yii/framework/web/CController.php(306): Controller->beforeAction(Object(CInlineAction))
#1 /var/www/html/medikoma/yii/framework/web/CController.php(286): CController->runAction(Object(CInlineAction))
#2 /var/www/html/medikoma/yii/framework/web/CController.php(265): CController->runActionWithFilters(Object(CInlineAction), Array)
#3 /var/www/html/medikoma/yii/framework/web/CWebApplication.php(282): CController->run('index')
#4 /var/www/html/medikoma/yii/framework/web/CWebApplication.php(141): CWebApplication->runController('site/index')
#5 /var/www/html/medikoma/yii/framework/base/CApplication.php(185): CWebApplication->processRequest()
#6 /var/www/html/medikoma/app/index.php(18): CApplication->run()
#7 {main}
REQUEST_URI=/site/index
---
2019/10/07 19:04:37 [error] [exception.Error] Error: Call to undefined function env() in /var/www/html/medikoma/app/protected/components/Controller.php:57
Stack trace:
#0 /var/www/html/medikoma/yii/framework/web/CController.php(306): Controller->beforeAction(Object(CInlineAction))
#1 /var/www/html/medikoma/yii/framework/web/CController.php(286): CController->runAction(Object(CInlineAction))
#2 /var/www/html/medikoma/yii/framework/web/CController.php(265): CController->runActionWithFilters(Object(CInlineAction), Array)
#3 /var/www/html/medikoma/yii/framework/web/CWebApplication.php(282): CController->run('index')
#4 /var/www/html/medikoma/yii/framework/web/CWebApplication.php(141): CWebApplication->runController('site/index')
#5 /var/www/html/medikoma/yii/framework/base/CApplication.php(185): CWebApplication->processRequest()
#6 /var/www/html/medikoma/app/index.php(18): CApplication->run()
#7 {main}
REQUEST_URI=/site/index
---
2019/10/07 19:04:40 [error] [exception.Error] Error: Call to undefined function env() in /var/www/html/medikoma/app/protected/components/Controller.php:57
Stack trace:
#0 /var/www/html/medikoma/yii/framework/web/CController.php(306): Controller->beforeAction(Object(CInlineAction))
#1 /var/www/html/medikoma/yii/framework/web/CController.php(286): CController->runAction(Object(CInlineAction))
#2 /var/www/html/medikoma/yii/framework/web/CController.php(265): CController->runActionWithFilters(Object(CInlineAction), Array)
#3 /var/www/html/medikoma/yii/framework/web/CWebApplication.php(282): CController->run('')
#4 /var/www/html/medikoma/yii/framework/web/CWebApplication.php(141): CWebApplication->runController('')
#5 /var/www/html/medikoma/yii/framework/base/CApplication.php(185): CWebApplication->processRequest()
#6 /var/www/html/medikoma/app/index.php(18): CApplication->run()
#7 {main}
REQUEST_URI=/
---
2019/10/07 19:05:09 [error] [exception.Error] Error: Call to undefined function env() in /var/www/html/medikoma/app/protected/components/Controller.php:57
Stack trace:
#0 /var/www/html/medikoma/yii/framework/web/CController.php(306): Controller->beforeAction(Object(CInlineAction))
#1 /var/www/html/medikoma/yii/framework/web/CController.php(286): CController->runAction(Object(CInlineAction))
#2 /var/www/html/medikoma/yii/framework/web/CController.php(265): CController->runActionWithFilters(Object(CInlineAction), Array)
#3 /var/www/html/medikoma/yii/framework/web/CWebApplication.php(282): CController->run('')
#4 /var/www/html/medikoma/yii/framework/web/CWebApplication.php(141): CWebApplication->runController('')
#5 /var/www/html/medikoma/yii/framework/base/CApplication.php(185): CWebApplication->processRequest()
#6 /var/www/html/medikoma/app/index.php(18): CApplication->run()
#7 {main}
REQUEST_URI=/
---
2019/10/07 19:05:41 [error] [exception.Error] Error: Call to undefined function env() in /var/www/html/medikoma/app/protected/components/Controller.php:57
Stack trace:
#0 /var/www/html/medikoma/yii/framework/web/CController.php(306): Controller->beforeAction(Object(CInlineAction))
#1 /var/www/html/medikoma/yii/framework/web/CController.php(286): CController->runAction(Object(CInlineAction))
#2 /var/www/html/medikoma/yii/framework/web/CController.php(265): CController->runActionWithFilters(Object(CInlineAction), Array)
#3 /var/www/html/medikoma/yii/framework/web/CWebApplication.php(282): CController->run('')
#4 /var/www/html/medikoma/yii/framework/web/CWebApplication.php(141): CWebApplication->runController('')
#5 /var/www/html/medikoma/yii/framework/base/CApplication.php(185): CWebApplication->processRequest()
#6 /var/www/html/medikoma/app/index.php(18): CApplication->run()
#7 {main}
REQUEST_URI=/
---
2019/10/07 19:05:42 [error] [exception.Error] Error: Call to undefined function env() in /var/www/html/medikoma/app/protected/components/Controller.php:57
Stack trace:
#0 /var/www/html/medikoma/yii/framework/web/CController.php(306): Controller->beforeAction(Object(CInlineAction))
#1 /var/www/html/medikoma/yii/framework/web/CController.php(286): CController->runAction(Object(CInlineAction))
#2 /var/www/html/medikoma/yii/framework/web/CController.php(265): CController->runActionWithFilters(Object(CInlineAction), Array)
#3 /var/www/html/medikoma/yii/framework/web/CWebApplication.php(282): CController->run('')
#4 /var/www/html/medikoma/yii/framework/web/CWebApplication.php(141): CWebApplication->runController('')
#5 /var/www/html/medikoma/yii/framework/base/CApplication.php(185): CWebApplication->processRequest()
#6 /var/www/html/medikoma/app/index.php(18): CApplication->run()
#7 {main}
REQUEST_URI=/
---
2019/10/07 19:05:46 [error] [exception.Error] Error: Call to undefined function env() in /var/www/html/medikoma/app/protected/components/Controller.php:57
Stack trace:
#0 /var/www/html/medikoma/yii/framework/web/CController.php(306): Controller->beforeAction(Object(CInlineAction))
#1 /var/www/html/medikoma/yii/framework/web/CController.php(286): CController->runAction(Object(CInlineAction))
#2 /var/www/html/medikoma/yii/framework/web/CController.php(265): CController->runActionWithFilters(Object(CInlineAction), Array)
#3 /var/www/html/medikoma/yii/framework/web/CWebApplication.php(282): CController->run('')
#4 /var/www/html/medikoma/yii/framework/web/CWebApplication.php(141): CWebApplication->runController('')
#5 /var/www/html/medikoma/yii/framework/base/CApplication.php(185): CWebApplication->processRequest()
#6 /var/www/html/medikoma/app/index.php(18): CApplication->run()
#7 {main}
REQUEST_URI=/
---
2019/10/07 13:22:50 [error] [php] include(Controller.php): failed to open stream: No such file or directory (/var/www/html/medikoma/yii/framework/YiiBase.php:432)
Stack trace:
#0 /var/www/html/medikoma/app/protected/controllers/SiteController.php(3): spl_autoload_call()
#1 /var/www/html/medikoma/yii/framework/web/CWebApplication.php(354): require()
#2 /var/www/html/medikoma/yii/framework/web/CWebApplication.php(276): CWebApplication->createController()
#3 /var/www/html/medikoma/yii/framework/web/CWebApplication.php(141): CWebApplication->runController()
#4 /var/www/html/medikoma/yii/framework/base/CApplication.php(185): CWebApplication->processRequest()
#5 /var/www/html/medikoma/app/index.php(18): CWebApplication->run()
REQUEST_URI=/index.php?r=site/index
